0 info it worked if it ends with ok
1 verbose cli [ 'node',
1 verbose cli   'C:\\Program Files (x86)\\nodejs\\node_modules\\npm\\bin\\npm-cli.js',
1 verbose cli   'install',
1 verbose cli   '(--msvs_version=2015)' ]
2 info using npm@2.7.4
3 info using node@v0.12.2
4 silly cache add args [ '(--msvs_version=2015)', null ]
5 verbose cache add spec (--msvs_version=2015)
6 silly cache add parsed spec { raw: '(--msvs_version=2015)',
6 silly cache add   scope: null,
6 silly cache add   name: null,
6 silly cache add   rawSpec: '(--msvs_version=2015)',
6 silly cache add   spec: 'C:\\Users\\t-dablin\\SeEasy\\SeEasy\\client\\(--msvs_version=2015)',
6 silly cache add   type: 'local' }
7 error addLocal Could not install C:\Users\t-dablin\SeEasy\SeEasy\client\(--msvs_version=2015)
8 verbose stack Error: ENOENT, open 'C:\Users\t-dablin\SeEasy\SeEasy\client\(--msvs_version=2015)'
8 verbose stack     at Error (native)
9 verbose cwd C:\Users\t-dablin\SeEasy\SeEasy\client
10 error Windows_NT 6.3.9600
11 error argv "node" "C:\\Program Files (x86)\\nodejs\\node_modules\\npm\\bin\\npm-cli.js" "install" "(--msvs_version=2015)"
12 error node v0.12.2
13 error npm  v2.7.4
14 error path C:\Users\t-dablin\SeEasy\SeEasy\client\(--msvs_version=2015)
15 error code ENOENT
16 error errno -4058
17 error enoent ENOENT, open 'C:\Users\t-dablin\SeEasy\SeEasy\client\(--msvs_version=2015)'
17 error enoent This is most likely not a problem with npm itself
17 error enoent and is related to npm not being able to find a file.
18 verbose exit [ -4058, true ]
